MatchThree/app/build/intermediates/manifest_merge_blame_file/debug/manifest-merger-blame-debug-report.txt
1<?xml version="1.0" encoding="utf-8"?>
2<manifest xmlns:android="http://schemas.android.com/apk/res/android"
3    package="com.partko.matchthree"
4    android:versionCode="1"
5    android:versionName="0.0.9" >
6
7    <uses-sdk
8        android:minSdkVersion="23"
8-->src\main\AndroidManifest.xml
9        android:targetSdkVersion="33" />
9-->src\main\AndroidManifest.xml
10
11    <application
11-->src\main\AndroidManifest.xml:5:5-44:19
12        android:allowBackup="true"
12-->src\main\AndroidManifest.xml:6:9-35
13        android:appComponentFactory="androidx.core.app.CoreComponentFactory"
13-->[androidx.core:core:1.7.0] AndroidManifest.xml:24:18-86
14        android:debuggable="true"
15        android:extractNativeLibs="false"
16        android:icon="@mipmap/ic_launcher"
16-->src\main\AndroidManifest.xml:7:9-43
17        android:label="@string/app_name"
17-->src\main\AndroidManifest.xml:8:9-41
18        android:roundIcon="@mipmap/ic_launcher_round"
18-->src\main\AndroidManifest.xml:9:9-54
19        android:supportsRtl="true"
19-->src\main\AndroidManifest.xml:10:9-35
20        android:testOnly="true"
21        android:theme="@style/Theme.MatchThree"
21-->src\main\AndroidManifest.xml:11:9-48
22        android:usesCleartextTraffic="true" >
22-->src\main\AndroidManifest.xml:12:9-44
23        <activity
23-->src\main\AndroidManifest.xml:13:9-17:67
24            android:name="com.partko.matchthree.ArcadeGame"
24-->src\main\AndroidManifest.xml:14:13-39
25            android:exported="false"
25-->src\main\AndroidManifest.xml:15:13-37
26            android:screenOrientation="portrait"
26-->src\main\AndroidManifest.xml:16:13-49
27            android:theme="@style/Theme.MatchThree.NoActionBar" />
27-->src\main\AndroidManifest.xml:17:13-64
28        <activity
28-->src\main\AndroidManifest.xml:18:9-23:67
29            android:name="com.partko.matchthree.ArcadeLevels"
29-->src\main\AndroidManifest.xml:19:13-41
30            android:exported="false"
30-->src\main\AndroidManifest.xml:20:13-37
31            android:label="@string/title_activity_arcade_levels"
31-->src\main\AndroidManifest.xml:21:13-65
32            android:screenOrientation="portrait"
32-->src\main\AndroidManifest.xml:22:13-49
33            android:theme="@style/Theme.MatchThree.NoActionBar" />
33-->src\main\AndroidManifest.xml:23:13-64
34        <activity
34-->src\main\AndroidManifest.xml:24:9-27:52
35            android:name="com.partko.matchthree.Settings"
35-->src\main\AndroidManifest.xml:25:13-37
36            android:exported="false"
36-->src\main\AndroidManifest.xml:26:13-37
37            android:screenOrientation="portrait" />
37-->src\main\AndroidManifest.xml:27:13-49
38        <activity
38-->src\main\AndroidManifest.xml:28:9-32:67
39            android:name="com.partko.matchthree.TimeGame"
39-->src\main\AndroidManifest.xml:29:13-37
40            android:exported="false"
40-->src\main\AndroidManifest.xml:30:13-37
41            android:screenOrientation="portrait"
41-->src\main\AndroidManifest.xml:31:13-49
42            android:theme="@style/Theme.MatchThree.NoActionBar" />
42-->src\main\AndroidManifest.xml:32:13-64
43        <activity
43-->src\main\AndroidManifest.xml:33:9-43:20
44            android:name="com.partko.matchthree.MainActivity"
44-->src\main\AndroidManifest.xml:34:13-41
45            android:exported="true"
45-->src\main\AndroidManifest.xml:35:13-36
46            android:screenOrientation="portrait"
46-->src\main\AndroidManifest.xml:36:13-49
47            android:theme="@style/Theme.MatchThree.NoActionBar" >
47-->src\main\AndroidManifest.xml:37:13-64
48            <intent-filter>
48-->src\main\AndroidManifest.xml:38:13-42:29
49                <action android:name="android.intent.action.MAIN" />
49-->src\main\AndroidManifest.xml:39:17-69
49-->src\main\AndroidManifest.xml:39:25-66
50
51                <category android:name="android.intent.category.LAUNCHER" />
51-->src\main\AndroidManifest.xml:41:17-77
51-->src\main\AndroidManifest.xml:41:27-74
52            </intent-filter>
53        </activity>
54
55        <provider
55-->[androidx.emoji2:emoji2:1.0.0] AndroidManifest.xml:26:9-34:20
56            android:name="androidx.startup.InitializationProvider"
56-->[androidx.emoji2:emoji2:1.0.0] AndroidManifest.xml:27:13-67
57            android:authorities="com.partko.matchthree.androidx-startup"
57-->[androidx.emoji2:emoji2:1.0.0] AndroidManifest.xml:28:13-68
58            android:exported="false" >
58-->[androidx.emoji2:emoji2:1.0.0] AndroidManifest.xml:29:13-37
59            <meta-data
59-->[androidx.emoji2:emoji2:1.0.0] AndroidManifest.xml:31:13-33:52
60                android:name="androidx.emoji2.text.EmojiCompatInitializer"
60-->[androidx.emoji2:emoji2:1.0.0] AndroidManifest.xml:32:17-75
61                android:value="androidx.startup" />
61-->[androidx.emoji2:emoji2:1.0.0] AndroidManifest.xml:33:17-49
62            <meta-data
62-->[androidx.lifecycle:lifecycle-process:2.4.0] AndroidManifest.xml:31:13-33:52
63                android:name="androidx.lifecycle.ProcessLifecycleInitializer"
63-->[androidx.lifecycle:lifecycle-process:2.4.0] AndroidManifest.xml:32:17-78
64                android:value="androidx.startup" />
64-->[androidx.lifecycle:lifecycle-process:2.4.0] AndroidManifest.xml:33:17-49
65        </provider>
66    </application>
67
68</manifest>